<?xml version="1.0" encoding="UTF-8"?>
<!-- Generated by org.testng.reporters.JUnitXMLReporter -->
<testsuite ignored="0" hostname="DESKTOP-5BF502C" failures="0" tests="4" name="Submit Order Test" time="38.544" errors="0" timestamp="2024-06-06T10:44:36 CST">
  <testcase classname="devenik.Tests.SubmitOrderTest" name="SubmitOrder" time="4.742"/>
  <testcase classname="devenik.Tests.SubmitOrderTest" name="SubmitOrder" time="4.748"/>
  <testcase classname="devenik.Tests.SubmitOrderTest" name="OrderHistoryTest" time="1.631"/>
  <testcase classname="devenik.Tests.SubmitOrderTest" name="OrderHistoryTest" time="4.857"/>
</testsuite> <!-- Submit Order Test -->
