<?xml version="1.0" encoding="UTF-8"?>
<!-- Generated by org.testng.reporters.JUnitXMLReporter -->
<testsuite ignored="0" hostname="DESKTOP-5BF502C" failures="0" tests="4" name="Submit Order Test" time="54.806" errors="0" timestamp="2024-06-10T15:26:05 CST">
  <testcase classname="devenik.Tests.SubmitOrderTest" name="SubmitOrder" time="19.472"/>
  <testcase classname="devenik.Tests.SubmitOrderTest" name="SubmitOrder" time="8.142"/>
  <testcase classname="devenik.Tests.SubmitOrderTest" name="OrderHistoryTest" time="1.259"/>
  <testcase classname="devenik.Tests.SubmitOrderTest" name="OrderHistoryTest" time="1.316"/>
</testsuite> <!-- Submit Order Test -->
