<?xml version="1.0" encoding="UTF-8"?>
<testng-results ignored="0" total="2" passed="2" failed="0" skipped="0">
  <reporter-output>
  </reporter-output>
  <suite started-at="2024-06-10T13:51:38 CST" name="Default suite" finished-at="2024-06-10T13:52:09 CST" duration-ms="30506">
    <groups>
      <group name="cucumber">
        <method signature="AbstractTestNGCucumberTests.runScenario(io.cucumber.testng.PickleWrapper,io.cucumber.testng.FeatureWrapper)[pri:0, instance:cucumber.TestNGTestRunner@145f66e3]" name="runScenario" class="io.cucumber.testng.AbstractTestNGCucumberTests"/>
      </group> <!-- cucumber -->
    </groups>
    <test started-at="2024-06-10T13:51:38 CST" name="Default test" finished-at="2024-06-10T13:52:09 CST" duration-ms="30506">
      <class name="cucumber.TestNGTestRunner">
        <test-method is-config="true" signature="setUpClass(org.testng.ITestContext)[pri:0, instance:cucumber.TestNGTestRunner@145f66e3]" started-at="2024-06-10T13:51:38 CST" name="setUpClass" finished-at="2024-06-10T13:51:39 CST" duration-ms="690" status="PASS">
          <params>
            <param index="0">
              <value>
                <![CDATA[org.testng.TestRunner@54755dd9]]>
              </value>
            </param>
          </params>
          <reporter-output>
          </reporter-output>
        </test-method> <!-- setUpClass -->
        <test-method signature="runScenario(io.cucumber.testng.PickleWrapper,io.cucumber.testng.FeatureWrapper)[pri:0, instance:cucumber.TestNGTestRunner@145f66e3]" started-at="2024-06-10T13:51:39 CST" name="runScenario" description="Runs Cucumber Scenarios" data-provider="scenarios" finished-at="2024-06-10T13:51:55 CST" duration-ms="15718" status="PASS">
          <params>
            <param index="0">
              <value>
                <![CDATA["Positive test of submitting the order"]]>
              </value>
            </param>
            <param index="1">
              <value>
                <![CDATA["Purchase a product from e-commerce site"]]>
              </value>
            </param>
          </params>
          <reporter-output>
          </reporter-output>
        </test-method> <!-- runScenario -->
        <test-method signature="runScenario(io.cucumber.testng.PickleWrapper,io.cucumber.testng.FeatureWrapper)[pri:0, instance:cucumber.TestNGTestRunner@145f66e3]" started-at="2024-06-10T13:51:55 CST" name="runScenario" description="Runs Cucumber Scenarios" data-provider="scenarios" finished-at="2024-06-10T13:52:09 CST" duration-ms="14031" status="PASS">
          <params>
            <param index="0">
              <value>
                <![CDATA["Positive test of submitting the order"]]>
              </value>
            </param>
            <param index="1">
              <value>
                <![CDATA["Purchase a product from e-commerce site"]]>
              </value>
            </param>
          </params>
          <reporter-output>
          </reporter-output>
        </test-method> <!-- runScenario -->
        <test-method is-config="true" signature="tearDownClass()[pri:0, instance:cucumber.TestNGTestRunner@145f66e3]" started-at="2024-06-10T13:52:09 CST" name="tearDownClass" finished-at="2024-06-10T13:52:09 CST" duration-ms="28" status="PASS">
          <reporter-output>
          </reporter-output>
        </test-method> <!-- tearDownClass -->
      </class> <!-- cucumber.TestNGTestRunner -->
    </test> <!-- Default test -->
  </suite> <!-- Default suite -->
</testng-results>
